<?xml version="1.0" encoding="UTF-8" ?>
<testsuite tests="1" failures="1" name="controllers.ApiControllerIntegrationTest" time="4.501" errors="0" skipped="0">
  <properties>
[...]
</properties>
  <testcase classname="controllers.ApiControllerIntegrationTest" name="testGetIndex" time="4.501">
    <failure message="Can not deserialize instance of java.util.ArrayList out of START_OBJECT token
 at [Source: java.io.StringReader@6579cdbb; line: 1, column: 1]" type="java.lang.AssertionError">java.lang.AssertionError: Can not deserialize instance of java.util.ArrayList out of START_OBJECT token
 at [Source: java.io.StringReader@6579cdbb; line: 1, column: 1]
	at org.junit.Assert.fail(Assert.java:88)
	at controllers.ApiControllerIntegrationTest.testGetIndex(ApiControllerIntegrationTest.java:48)
	at sun.reflect.NativeMethodAccessorImpl.invoke0(Native Method)
	at sun.reflect.NativeMethodAccessorImpl.invoke(NativeMethodAccessorImpl.java:62)
	at sun.reflect.DelegatingMethodAccessorImpl.invoke(DelegatingMethodAccessorImpl.java:43)
	at java.lang.reflect.Method.invoke(Method.java:498)
	at org.junit.runners.model.FrameworkMethod$1.runReflectiveCall(FrameworkMethod.java:47)
	at org.junit.internal.runners.model.ReflectiveCallable.run(ReflectiveCallable.java:12)
	at org.junit.runners.model.FrameworkMethod.invokeExplosively(FrameworkMethod.java:44)
	at org.junit.internal.runners.statements.InvokeMethod.evaluate(InvokeMethod.java:17)
	at org.junit.internal.runners.statements.RunBefores.evaluate(RunBefores.java:26)
	at org.junit.internal.runners.statements.RunAfters.evaluate(RunAfters.java:27)
	at org.junit.runners.ParentRunner.runLeaf(ParentRunner.java:271)
	at org.junit.runners.BlockJUnit4ClassRunner.runChild(BlockJUnit4ClassRunner.java:70)
	at org.junit.runners.BlockJUnit4ClassRunner.runChild(BlockJUnit4ClassRunner.java:50)
	at org.junit.runners.ParentRunner$3.run(ParentRunner.java:238)
	at org.junit.runners.ParentRunner$1.schedule(ParentRunner.java:63)
	at org.junit.runners.ParentRunner.runChildren(ParentRunner.java:236)
	at org.junit.runners.ParentRunner.access$000(ParentRunner.java:53)
	at org.junit.runners.ParentRunner$2.evaluate(ParentRunner.java:229)
	at org.junit.runners.ParentRunner.run(ParentRunner.java:309)
	at org.apache.maven.surefire.junit4.JUnit4Provider.execute(JUnit4Provider.java:252)
	at org.apache.maven.surefire.junit4.JUnit4Provider.executeTestSet(JUnit4Provider.java:141)
	at org.apache.maven.surefire.junit4.JUnit4Provider.invoke(JUnit4Provider.java:112)
	at sun.reflect.NativeMethodAccessorImpl.invoke0(Native Method)
	at sun.reflect.NativeMethodAccessorImpl.invoke(NativeMethodAccessorImpl.java:62)
	at sun.reflect.DelegatingMethodAccessorImpl.invoke(DelegatingMethodAccessorImpl.java:43)
	at java.lang.reflect.Method.invoke(Method.java:498)
	at org.apache.maven.surefire.util.ReflectionUtils.invokeMethodWithArray(ReflectionUtils.java:189)
	at org.apache.maven.surefire.booter.ProviderFactory$ProviderProxy.invoke(ProviderFactory.java:165)
	at org.apache.maven.surefire.booter.ProviderFactory.invokeProvider(ProviderFactory.java:85)
	at org.apache.maven.surefire.booter.ForkedBooter.runSuitesInProcess(ForkedBooter.java:115)
	at org.apache.maven.surefire.booter.ForkedBooter.main(ForkedBooter.java:75)
</failure>
    <system-out>00:07:18.792 [main] INFO  ninja.utils.NinjaModeHelper - Ninja is running in mode prod
00:07:18.860 [main] INFO  org.eclipse.jetty.util.log - Logging initialized @889ms
00:07:19.051 [main] WARN  o.e.j.server.handler.ContextHandler - Empty contextPath
00:07:19.067 [main] INFO  ninja.standalone.NinjaJetty - Trying to start jetty v9.2.10.v20150310 on &lt;all&gt;:1024, 8443/ssl
00:07:19.069 [main] INFO  org.eclipse.jetty.server.Server - jetty-9.2.10.v20150310
00:07:19.111 [main] INFO  ninja.Bootstrap - Successfully configured Logback.
00:07:19.113 [main] INFO  ninja.Bootstrap - Enabling Ninja classic configuration
00:07:20.038 [main] INFO  ninja.utils.SwissKnife - Could not load file conf/messages_en.properties (not a bad thing necessarily, but I am returing null)
00:07:20.038 [main] INFO  ninja.i18n.MessagesImpl - Did not find conf/messages_en.properties but it was specified in application.conf. Using default language instead.
00:07:20.089 [main] INFO  n.template.TemplateEngineManagerImpl - -------------------------------------------------------------------
00:07:20.090 [main] INFO  n.template.TemplateEngineManagerImpl - Registered response template engines
00:07:20.090 [main] INFO  n.template.TemplateEngineManagerImpl - -------------------------------------------------------------------
00:07:20.090 [main] INFO  n.template.TemplateEngineManagerImpl - application/javascript  =&gt;  ninja.template.TemplateEngineJsonP
00:07:20.090 [main] INFO  n.template.TemplateEngineManagerImpl - application/json        =&gt;  ninja.template.TemplateEngineJson
00:07:20.090 [main] INFO  n.template.TemplateEngineManagerImpl - application/xml         =&gt;  ninja.template.TemplateEngineXml
00:07:20.090 [main] INFO  n.template.TemplateEngineManagerImpl - text/html               =&gt;  ninja.template.TemplateEngineFreemarker
00:07:20.091 [main] INFO  n.template.TemplateEngineManagerImpl - text/plain              =&gt;  ninja.template.TemplateEngineText
00:07:20.103 [main] INFO  n.b.BodyParserEngineManagerImpl - ----------------------------------------------------------------------------
00:07:20.103 [main] INFO  n.b.BodyParserEngineManagerImpl - Registered request bodyparser engines
00:07:20.104 [main] INFO  n.b.BodyParserEngineManagerImpl - ----------------------------------------------------------------------------
00:07:20.104 [main] INFO  n.b.BodyParserEngineManagerImpl - application/json                   =&gt;  ninja.bodyparser.BodyParserEngineJson
00:07:20.104 [main] INFO  n.b.BodyParserEngineManagerImpl - application/x-www-form-urlencoded  =&gt;  ninja.bodyparser.BodyParserEnginePost
00:07:20.104 [main] INFO  n.b.BodyParserEngineManagerImpl - application/xml                    =&gt;  ninja.bodyparser.BodyParserEngineXml
00:07:20.105 [main] INFO  ninja.Bootstrap - Ninja injector started in 989 ms.
00:07:20.129 [main] INFO  ninja.RouterImpl - ---------------------------------------------------------------------------------
00:07:20.130 [main] INFO  ninja.RouterImpl - Registered routes
00:07:20.130 [main] INFO  ninja.RouterImpl - ---------------------------------------------------------------------------------
00:07:20.130 [main] INFO  ninja.RouterImpl - GET /                               =&gt;  controllers.ApplicationController.index()
00:07:20.130 [main] INFO  ninja.RouterImpl - GET /assets/webjars/{fileName: .*}  =&gt;  ninja.AssetsController.serveWebJars()
00:07:20.130 [main] INFO  ninja.RouterImpl - GET /assets/{fileName: .*}          =&gt;  ninja.AssetsController.serveStatic()
00:07:20.130 [main] INFO  ninja.RouterImpl - GET /.*                             =&gt;  controllers.ApplicationController.index()
00:07:20.131 [main] INFO  ninja.NinjaDefault - 
 _______  .___ _______        ____.  _____   
 \      \ |   |\      \      |    | /  _  \  
 /   |   \|   |/   |   \     |    |/  /_\  \ 
/    |    \   /    |    \/\__|    /    |    \  http://www.ninjaframework.org
\____|__  /___\____|__  /\________\____|__  /  @ninjaframework
     web\/framework   \/                  \/   5.8.0

00:07:20.131 [main] INFO  ninja.lifecycle.LifecycleServiceImpl - Starting Ninja application...
00:07:20.136 [main] INFO  n.migrations.MigrationEngineProvider - Using ninja.migrations.flyway.MigrationEngineFlyway as default implementation for ninja.migrations.MigrationEngine
00:07:20.159 [main] INFO  o.f.c.internal.util.VersionPrinter - Flyway 4.0.3 by Boxfuse
00:07:20.340 [main] INFO  o.f.c.i.dbsupport.DbSupportFactory - Database: jdbc:h2:./target/h2database_test (H2 1.4)
00:07:20.365 [main] WARN  o.f.c.i.u.s.c.ClassPathScanner - Unable to resolve location classpath:db/migration
00:07:20.393 [main] INFO  o.f.core.internal.command.DbClean - Successfully cleaned schema &quot;PUBLIC&quot; (execution time 00:00.003s)
00:07:20.411 [main] WARN  o.f.c.i.u.s.c.ClassPathScanner - Unable to resolve location classpath:db/migration
00:07:20.420 [main] INFO  o.f.core.internal.command.DbValidate - Successfully validated 0 migrations (execution time 00:00.004s)
00:07:20.428 [main] INFO  o.f.c.i.m.MetaDataTableImpl - Creating Metadata table: &quot;PUBLIC&quot;.&quot;schema_version&quot;
00:07:20.449 [main] INFO  o.f.core.internal.command.DbMigrate - Current version of schema &quot;PUBLIC&quot;: &lt;&lt; Empty Schema &gt;&gt;
00:07:20.449 [main] INFO  o.f.core.internal.command.DbMigrate - Schema &quot;PUBLIC&quot; is up to date. No migration necessary.
00:07:20.487 [main] WARN  o.hibernate.ejb.HibernatePersistence - HHH015016: Encountered a deprecated javax.persistence.spi.PersistenceProvider [org.hibernate.ejb.HibernatePersistence]; use [org.hibernate.jpa.HibernatePersistenceProvider] instead.
00:07:20.487 [main] WARN  o.hibernate.ejb.HibernatePersistence - HHH015016: Encountered a deprecated javax.persistence.spi.PersistenceProvider [org.hibernate.ejb.HibernatePersistence]; use [org.hibernate.jpa.HibernatePersistenceProvider] instead.
00:07:20.487 [main] WARN  o.hibernate.ejb.HibernatePersistence - HHH015016: Encountered a deprecated javax.persistence.spi.PersistenceProvider [org.hibernate.ejb.HibernatePersistence]; use [org.hibernate.jpa.HibernatePersistenceProvider] instead.
00:07:20.781 [main] INFO  o.h.jpa.internal.util.LogHelper - HHH000204: Processing PersistenceUnitInfo [
	name: h2_test
	...]
00:07:20.911 [main] INFO  org.hibernate.Version - HHH000412: Hibernate Core {4.3.8.Final}
00:07:20.914 [main] INFO  org.hibernate.cfg.Environment - HHH000206: hibernate.properties not found
00:07:20.917 [main] INFO  org.hibernate.cfg.Environment - HHH000021: Bytecode provider name : javassist
00:07:21.118 [main] INFO  o.h.annotations.common.Version - HCANN000001: Hibernate Commons Annotations {4.0.5.Final}
00:07:21.160 [main] INFO  o.h.e.j.c.i.ConnectionProviderInitiator - HHH000130: Instantiating explicit connection provider: org.hibernate.service.jdbc.connections.internal.C3P0ConnectionProvider
00:07:21.170 [main] INFO  o.h.c.i.C3P0ConnectionProvider - HHH010002: C3P0 using driver: org.h2.Driver at URL: jdbc:h2:./target/h2database_test
00:07:21.171 [main] INFO  o.h.c.i.C3P0ConnectionProvider - HHH000046: Connection properties: {user=ra, password=****}
00:07:21.171 [main] INFO  o.h.c.i.C3P0ConnectionProvider - HHH000006: Autocommit mode: false
00:07:21.188 [main] INFO  com.mchange.v2.log.MLog - MLog clients using log4j logging.
00:07:21.331 [main] INFO  com.mchange.v2.c3p0.C3P0Registry - Initializing c3p0-0.9.2.1 [built 20-March-2013 10:47:27 +0000; debug? true; trace: 10]
00:07:21.450 [main] INFO  c.m.v.c.i.AbstractPoolBackedDataSource - Initializing c3p0 pool... com.mchange.v2.c3p0.PoolBackedDataSource@a0cc1907 [ connectionPoolDataSource -&gt; com.mchange.v2.c3p0.WrapperConnectionPoolDataSource@76f88a1 [ acquireIncrement -&gt; 1, acquireRetryAttempts -&gt; 30, acquireRetryDelay -&gt; 1000, autoCommitOnClose -&gt; false, automaticTestTable -&gt; null, breakAfterAcquireFailure -&gt; false, checkoutTimeout -&gt; 0, connectionCustomizerClassName -&gt; null, connectionTesterClassName -&gt; com.mchange.v2.c3p0.impl.DefaultConnectionTester, debugUnreturnedConnectionStackTraces -&gt; false, factoryClassLocation -&gt; null, forceIgnoreUnresolvedTransactions -&gt; false, identityToken -&gt; z8kfsx9j14z0jd01lu6679|213c3543, idleConnectionTestPeriod -&gt; 300, initialPoolSize -&gt; 0, maxAdministrativeTaskTime -&gt; 0, maxConnectionAge -&gt; 0, maxIdleTime -&gt; 100, maxIdleTimeExcessConnections -&gt; 0, maxPoolSize -&gt; 100, maxStatements -&gt; 0, maxStatementsPerConnection -&gt; 0, minPoolSize -&gt; 0, nestedDataSource -&gt; com.mchange.v2.c3p0.DriverManagerDataSource@63aa46f0 [ description -&gt; null, driverClass -&gt; null, factoryClassLocation -&gt; null, identityToken -&gt; z8kfsx9j14z0jd01lu6679|58a2b4c, jdbcUrl -&gt; jdbc:h2:./target/h2database_test, properties -&gt; {user=******, password=******} ], preferredTestQuery -&gt; null, propertyCycle -&gt; 0, statementCacheNumDeferredCloseThreads -&gt; 0, testConnectionOnCheckin -&gt; false, testConnectionOnCheckout -&gt; false, unreturnedConnectionTimeout -&gt; 0, usesTraditionalReflectiveProxies -&gt; false; userOverrides: {} ], dataSourceName -&gt; null, factoryClassLocation -&gt; null, identityToken -&gt; z8kfsx9j14z0jd01lu6679|7c9bdee9, numHelperThreads -&gt; 3 ]
00:07:21.547 [main] INFO  org.hibernate.dialect.Dialect - HHH000400: Using dialect: org.hibernate.dialect.H2Dialect
00:07:21.568 [main] INFO  o.h.e.j.internal.LobCreatorBuilder - HHH000424: Disabling contextual LOB creation as createClob() method threw error : java.lang.reflect.InvocationTargetException
00:07:21.699 [main] INFO  o.h.h.i.a.ASTQueryTranslatorFactory - HHH000397: Using ASTQueryTranslatorFactory
00:07:21.798 [main] INFO  o.h.validator.internal.util.Version - HV000001: Hibernate Validator 4.3.1.Final
00:07:22.071 [main] INFO  ninja.lifecycle.LifecycleServiceImpl - Ninja application started in 1940ms
00:07:22.073 [main] INFO  o.e.j.server.handler.ContextHandler - Started o.e.j.s.ServletContextHandler@44a085e5{/,null,AVAILABLE}
00:07:22.084 [main] INFO  o.e.jetty.server.ServerConnector - Started ServerConnector@57c599d4{HTTP/1.1}{0.0.0.0:1024}
00:07:22.289 [main] INFO  o.e.jetty.server.ServerConnector - Started ServerConnector@1d4fb213{SSL-HTTP/1.1}{0.0.0.0:8443}
00:07:22.290 [main] INFO  org.eclipse.jetty.server.Server - Started @4319ms
00:07:22.290 [main] INFO  ninja.standalone.NinjaJetty - Started jetty v9.2.10.v20150310 on &lt;all&gt;:1024, 8443/ssl
00:07:22.290 [main] INFO  ninja.standalone.NinjaJetty - -------------------------------------------------------
00:07:22.290 [main] INFO  ninja.standalone.NinjaJetty - Ninja application running at
00:07:22.290 [main] INFO  ninja.standalone.NinjaJetty -  =&gt; http://localhost:1024
00:07:22.291 [main] INFO  ninja.standalone.NinjaJetty -  =&gt; https://localhost:8443
00:07:22.291 [main] INFO  ninja.standalone.NinjaJetty - -------------------------------------------------------
00:07:22.827 [qtp2134607032-16] ERROR ninja.NinjaDefault - Emitting bad request 500. Something really wrong when calling route: / (class: class controllers.ApplicationController method: public ninja.Result controllers.ApplicationController.index())
java.lang.IllegalStateException: No data type for node: org.hibernate.hql.internal.ast.tree.IdentNode 
 \-[IDENT] IdentNode: &apos;x&apos; {originalText=x}

	at org.hibernate.hql.internal.ast.tree.SelectClause.initializeExplicitSelectClause(SelectClause.java:174) ~[hibernate-core-4.3.8.Final.jar:4.3.8.Final]
	at org.hibernate.hql.internal.ast.HqlSqlWalker.useSelectClause(HqlSqlWalker.java:924) ~[hibernate-core-4.3.8.Final.jar:4.3.8.Final]
	at org.hibernate.hql.internal.ast.HqlSqlWalker.processQuery(HqlSqlWalker.java:692) ~[hibernate-core-4.3.8.Final.jar:4.3.8.Final]
	at org.hibernate.hql.internal.antlr.HqlSqlBaseWalker.query(HqlSqlBaseWalker.java:665) ~[hibernate-core-4.3.8.Final.jar:4.3.8.Final]
	at org.hibernate.hql.internal.antlr.HqlSqlBaseWalker.selectStatement(HqlSqlBaseWalker.java:301) ~[hibernate-core-4.3.8.Final.jar:4.3.8.Final]
	at org.hibernate.hql.internal.antlr.HqlSqlBaseWalker.statement(HqlSqlBaseWalker.java:249) ~[hibernate-core-4.3.8.Final.jar:4.3.8.Final]
	at org.hibernate.hql.internal.ast.QueryTranslatorImpl.analyze(QueryTranslatorImpl.java:278) ~[hibernate-core-4.3.8.Final.jar:4.3.8.Final]
	at org.hibernate.hql.internal.ast.QueryTranslatorImpl.doCompile(QueryTranslatorImpl.java:206) ~[hibernate-core-4.3.8.Final.jar:4.3.8.Final]
	at org.hibernate.hql.internal.ast.QueryTranslatorImpl.compile(QueryTranslatorImpl.java:158) ~[hibernate-core-4.3.8.Final.jar:4.3.8.Final]
	at org.hibernate.engine.query.spi.HQLQueryPlan.&lt;init&gt;(HQLQueryPlan.java:131) ~[hibernate-core-4.3.8.Final.jar:4.3.8.Final]
	at org.hibernate.engine.query.spi.HQLQueryPlan.&lt;init&gt;(HQLQueryPlan.java:93) ~[hibernate-core-4.3.8.Final.jar:4.3.8.Final]
	at org.hibernate.engine.query.spi.QueryPlanCache.getHQLQueryPlan(QueryPlanCache.java:167) ~[hibernate-core-4.3.8.Final.jar:4.3.8.Final]
	at org.hibernate.internal.AbstractSessionImpl.getHQLQueryPlan(AbstractSessionImpl.java:301) ~[hibernate-core-4.3.8.Final.jar:4.3.8.Final]
	at org.hibernate.internal.AbstractSessionImpl.createQuery(AbstractSessionImpl.java:236) ~[hibernate-core-4.3.8.Final.jar:4.3.8.Final]
	at org.hibernate.internal.SessionImpl.createQuery(SessionImpl.java:1800) ~[hibernate-core-4.3.8.Final.jar:4.3.8.Final]
	at org.hibernate.jpa.spi.AbstractEntityManagerImpl.createQuery(AbstractEntityManagerImpl.java:328) ~[hibernate-entitymanager-4.3.8.Final.jar:4.3.8.Final]
	at dao.UserDaoImpl.findAll(UserDaoImpl.java:27) ~[classes/:na]
	at ninja.jpa.UnitOfWorkInterceptor.invoke(UnitOfWorkInterceptor.java:66) ~[ninja-core-5.8.0.jar:na]
	at controllers.ApplicationController.index(ApplicationController.java:37) ~[classes/:na]
	at sun.reflect.NativeMethodAccessorImpl.invoke0(Native Method) ~[na:1.8.0_102]
	at sun.reflect.NativeMethodAccessorImpl.invoke(NativeMethodAccessorImpl.java:62) ~[na:1.8.0_102]
	at sun.reflect.DelegatingMethodAccessorImpl.invoke(DelegatingMethodAccessorImpl.java:43) ~[na:1.8.0_102]
	at java.lang.reflect.Method.invoke(Method.java:498) ~[na:1.8.0_102]
	at ninja.params.ControllerMethodInvoker.invoke(ControllerMethodInvoker.java:57) ~[ninja-core-5.8.0.jar:na]
	at ninja.FilterChainEnd.next(FilterChainEnd.java:49) ~[ninja-core-5.8.0.jar:na]
	at ninja.NinjaDefault.onRouteRequest(NinjaDefault.java:102) ~[ninja-core-5.8.0.jar:na]
	at ninja.servlet.NinjaServletDispatcher.service(NinjaServletDispatcher.java:86) [ninja-servlet-5.8.0.jar:na]
	at com.google.inject.servlet.ServletDefinition.doServiceImpl(ServletDefinition.java:287) [guice-servlet-4.0.jar:na]
	at com.google.inject.servlet.ServletDefinition.doService(ServletDefinition.java:277) [guice-servlet-4.0.jar:na]
	at com.google.inject.servlet.ServletDefinition.service(ServletDefinition.java:182) [guice-servlet-4.0.jar:na]
	at com.google.inject.servlet.ManagedServletPipeline.service(ManagedServletPipeline.java:91) [guice-servlet-4.0.jar:na]
	at com.google.inject.servlet.FilterChainInvocation.doFilter(FilterChainInvocation.java:85) [guice-servlet-4.0.jar:na]
	at com.google.inject.servlet.ManagedFilterPipeline.dispatch(ManagedFilterPipeline.java:119) [guice-servlet-4.0.jar:na]
	at com.google.inject.servlet.GuiceFilter$1.call(GuiceFilter.java:133) [guice-servlet-4.0.jar:na]
	at com.google.inject.servlet.GuiceFilter$1.call(GuiceFilter.java:130) [guice-servlet-4.0.jar:na]
	at com.google.inject.servlet.GuiceFilter$Context.call(GuiceFilter.java:203) [guice-servlet-4.0.jar:na]
	at com.google.inject.servlet.GuiceFilter.doFilter(GuiceFilter.java:130) [guice-servlet-4.0.jar:na]
	at org.eclipse.jetty.servlet.ServletHandler$CachedChain.doFilter(ServletHandler.java:1652) [jetty-servlet-9.2.10.v20150310.jar:9.2.10.v20150310]
	at org.eclipse.jetty.servlet.ServletHandler.doHandle(ServletHandler.java:585) [jetty-servlet-9.2.10.v20150310.jar:9.2.10.v20150310]
	at org.eclipse.jetty.server.handler.ContextHandler.doHandle(ContextHandler.java:1127) [jetty-server-9.2.10.v20150310.jar:9.2.10.v20150310]
	at org.eclipse.jetty.servlet.ServletHandler.doScope(ServletHandler.java:515) [jetty-servlet-9.2.10.v20150310.jar:9.2.10.v20150310]
	at org.eclipse.jetty.server.handler.ContextHandler.doScope(ContextHandler.java:1061) [jetty-server-9.2.10.v20150310.jar:9.2.10.v20150310]
	at org.eclipse.jetty.server.handler.ScopedHandler.handle(ScopedHandler.java:141) [jetty-server-9.2.10.v20150310.jar:9.2.10.v20150310]
	at org.eclipse.jetty.server.handler.HandlerWrapper.handle(HandlerWrapper.java:97) [jetty-server-9.2.10.v20150310.jar:9.2.10.v20150310]
	at org.eclipse.jetty.server.Server.handle(Server.java:497) [jetty-server-9.2.10.v20150310.jar:9.2.10.v20150310]
	at org.eclipse.jetty.server.HttpChannel.handle(HttpChannel.java:310) [jetty-server-9.2.10.v20150310.jar:9.2.10.v20150310]
	at org.eclipse.jetty.server.HttpConnection.onFillable(HttpConnection.java:257) [jetty-server-9.2.10.v20150310.jar:9.2.10.v20150310]
	at org.eclipse.jetty.io.AbstractConnection$2.run(AbstractConnection.java:540) [jetty-io-9.2.10.v20150310.jar:9.2.10.v20150310]
	at org.eclipse.jetty.util.thread.QueuedThreadPool.runJob(QueuedThreadPool.java:635) [jetty-util-9.2.10.v20150310.jar:9.2.10.v20150310]
	at org.eclipse.jetty.util.thread.QueuedThreadPool$3.run(QueuedThreadPool.java:555) [jetty-util-9.2.10.v20150310.jar:9.2.10.v20150310]
	at java.lang.Thread.run(Thread.java:745) [na:1.8.0_102]
{&quot;text&quot;:&quot;Oops. That&apos;s an internal server error and all we know.&quot;}
00:07:23.012 [main] INFO  ninja.lifecycle.LifecycleServiceImpl - Stopping Ninja application...
00:07:23.016 [main] INFO  ninja.lifecycle.LifecycleServiceImpl - Ninja application stopped in 4ms
00:07:23.017 [main] INFO  o.e.j.server.handler.ContextHandler - Stopped o.e.j.s.ServletContextHandler@44a085e5{/,null,UNAVAILABLE}
00:07:23.018 [main] INFO  ninja.standalone.NinjaJetty - Trying to stop jetty on &lt;all&gt;:1024, 8443/ssl
00:07:23.029 [main] INFO  o.e.jetty.server.ServerConnector - Stopped ServerConnector@57c599d4{HTTP/1.1}{0.0.0.0:1024}
00:07:23.034 [main] INFO  o.e.jetty.server.ServerConnector - Stopped ServerConnector@1d4fb213{SSL-HTTP/1.1}{0.0.0.0:8443}
00:07:23.038 [main] INFO  ninja.standalone.NinjaJetty - Stopped jetty on &lt;all&gt;:1024, 8443/ssl
</system-out>
  </testcase>
</testsuite>